<?xml version="1.0" encoding="UTF-8"?>
<testsuite xmlns:xsi="http://www.w3.org/2001/XMLSchema-instance" xsi:noNamespaceSchemaLocation="https://maven.apache.org/surefire/maven-surefire-plugin/xsd/surefire-test-report.xsd" name="org.apache.storm.starter.tools.NthLastModifiedTimeTrackerTest" time="0.802" tests="39" errors="0" skipped="0" failures="0">
  <properties>
    <property name="awt.toolkit" value="sun.awt.X11.XToolkit"/>
    <property name="file.encoding.pkg" value="sun.io"/>
    <property name="java.specification.version" value="1.8"/>
    <property name="sun.cpu.isalist" value=""/>
    <property name="sun.jnu.encoding" value="UTF-8"/>
    <property name="java.class.path" value="/home/cc/storm/examples/storm-starter/target/test-classes:/home/cc/storm/examples/storm-starter/target/classes:/home/cc/.m2/repository/org/hdrhistogram/HdrHistogram/2.1.10/HdrHistogram-2.1.10.jar:/home/cc/.m2/repository/org/testng/testng/6.8.5/testng-6.8.5.jar:/home/cc/.m2/repository/junit/junit/4.12/junit-4.12.jar:/home/cc/.m2/repository/org/beanshell/bsh/2.0b4/bsh-2.0b4.jar:/home/cc/.m2/repository/com/beust/jcommander/1.27/jcommander-1.27.jar:/home/cc/.m2/repository/org/yaml/snakeyaml/1.11/snakeyaml-1.11.jar:/home/cc/.m2/repository/org/mockito/mockito-core/3.0.0/mockito-core-3.0.0.jar:/home/cc/.m2/repository/net/bytebuddy/byte-buddy/1.9.10/byte-buddy-1.9.10.jar:/home/cc/.m2/repository/net/bytebuddy/byte-buddy-agent/1.9.10/byte-buddy-agent-1.9.10.jar:/home/cc/.m2/repository/org/objenesis/objenesis/2.6/objenesis-2.6.jar:/home/cc/.m2/repository/org/hamcrest/java-hamcrest/2.0.0.0/java-hamcrest-2.0.0.0.jar:/home/cc/.m2/repository/org/easytesting/fest-assert-core/2.0M8/fest-assert-core-2.0M8.jar:/home/cc/.m2/repository/org/easytesting/fest-util/1.2.3/fest-util-1.2.3.jar:/home/cc/.m2/repository/org/jmock/jmock/2.6.0/jmock-2.6.0.jar:/home/cc/.m2/repository/org/hamcrest/hamcrest-core/1.1/hamcrest-core-1.1.jar:/home/cc/.m2/repository/org/hamcrest/hamcrest-library/1.1/hamcrest-library-1.1.jar:/home/cc/.m2/repository/org/apache/storm/storm-clojure/2.1.0/storm-clojure-2.1.0.jar:/home/cc/.m2/repository/org/clojure/tools.logging/0.2.3/tools.logging-0.2.3.jar:/home/cc/.m2/repository/org/clojure/clojure/1.10.0/clojure-1.10.0.jar:/home/cc/.m2/repository/org/clojure/spec.alpha/0.2.176/spec.alpha-0.2.176.jar:/home/cc/.m2/repository/org/clojure/core.specs.alpha/0.2.44/core.specs.alpha-0.2.44.jar:/home/cc/.m2/repository/com/googlecode/json-simple/json-simple/1.1/json-simple-1.1.jar:/home/cc/.m2/repository/com/twitter/carbonite/1.5.0/carbonite-1.5.0.jar:/home/cc/.m2/repository/com/twitter/chill-java/0.8.0/chill-java-0.8.0.jar:/home/cc/.m2/repository/com/esotericsoftware/kryo-shaded/3.0.3/kryo-shaded-3.0.3.jar:/home/cc/.m2/repository/org/apache/storm/storm-clojure-test/2.1.0/storm-clojure-test-2.1.0.jar:/home/cc/.m2/repository/org/apache/storm/storm-core/2.1.0/storm-core-2.1.0.jar:/home/cc/.m2/repository/org/apache/storm/storm-server/2.1.0/storm-server-2.1.0.jar:/home/cc/.m2/repository/org/apache/commons/commons-exec/1.3/commons-exec-1.3.jar:/home/cc/.m2/repository/org/rocksdb/rocksdbjni/5.18.3/rocksdbjni-5.18.3.jar:/home/cc/.m2/repository/jline/jline/0.9.94/jline-0.9.94.jar:/home/cc/.m2/repository/javax/servlet/javax.servlet-api/3.1.0/javax.servlet-api-3.1.0.jar:/home/cc/.m2/repository/commons-cli/commons-cli/1.4/commons-cli-1.4.jar:/home/cc/.m2/repository/commons-io/commons-io/2.6/commons-io-2.6.jar:/home/cc/.m2/repository/commons-lang/commons-lang/2.6/commons-lang-2.6.jar:/home/cc/.m2/repository/joda-time/joda-time/2.3/joda-time-2.3.jar:/home/cc/.m2/repository/org/eclipse/jetty/jetty-server/9.4.14.v20181114/jetty-server-9.4.14.v20181114.jar:/home/cc/.m2/repository/org/eclipse/jetty/jetty-http/9.4.14.v20181114/jetty-http-9.4.14.v20181114.jar:/home/cc/.m2/repository/org/eclipse/jetty/jetty-io/9.4.14.v20181114/jetty-io-9.4.14.v20181114.jar:/home/cc/.m2/repository/org/eclipse/jetty/jetty-util/9.4.14.v20181114/jetty-util-9.4.14.v20181114.jar:/home/cc/.m2/repository/org/eclipse/jetty/jetty-servlet/9.4.14.v20181114/jetty-servlet-9.4.14.v20181114.jar:/home/cc/.m2/repository/org/eclipse/jetty/jetty-security/9.4.14.v20181114/jetty-security-9.4.14.v20181114.jar:/home/cc/.m2/repository/org/eclipse/jetty/jetty-servlets/9.4.14.v20181114/jetty-servlets-9.4.14.v20181114.jar:/home/cc/.m2/repository/org/eclipse/jetty/jetty-continuation/9.4.14.v20181114/jetty-continuation-9.4.14.v20181114.jar:/home/cc/.m2/repository/com/fasterxml/jackson/dataformat/jackson-dataformat-smile/2.9.8/jackson-dataformat-smile-2.9.8.jar:/home/cc/.m2/repository/commons-fileupload/commons-fileupload/1.3.3/commons-fileupload-1.3.3.jar:/home/cc/.m2/repository/org/apache/storm/storm-client/2.1.0/storm-client-2.1.0.jar:/home/cc/.m2/repository/org/slf4j/slf4j-api/1.7.26/slf4j-api-1.7.26.jar:/home/cc/.m2/repository/org/apache/logging/log4j/log4j-api/2.11.2/log4j-api-2.11.2.jar:/home/cc/.m2/repository/org/apache/logging/log4j/log4j-core/2.11.2/log4j-core-2.11.2.jar:/home/cc/.m2/repository/org/apache/logging/log4j/log4j-slf4j-impl/2.11.2/log4j-slf4j-impl-2.11.2.jar:/home/cc/.m2/repository/org/slf4j/log4j-over-slf4j/1.7.26/log4j-over-slf4j-1.7.26.jar:/home/cc/.m2/repository/org/apache/storm/storm-shaded-deps/2.1.0/storm-shaded-deps-2.1.0.jar:/home/cc/.m2/repository/javax/xml/bind/jaxb-api/2.3.0/jaxb-api-2.3.0.jar:/home/cc/.m2/repository/javax/annotation/javax.annotation-api/1.3.2/javax.annotation-api-1.3.2.jar:/home/cc/.m2/repository/com/esotericsoftware/kryo/3.0.3/kryo-3.0.3.jar:/home/cc/.m2/repository/com/esotericsoftware/reflectasm/1.10.1/reflectasm-1.10.1.jar:/home/cc/.m2/repository/org/ow2/asm/asm/5.0.3/asm-5.0.3.jar:/home/cc/.m2/repository/com/esotericsoftware/minlog/1.3.0/minlog-1.3.0.jar:/home/cc/.m2/repository/io/dropwizard/metrics/metrics-core/3.2.6/metrics-core-3.2.6.jar:/home/cc/.m2/repository/io/dropwizard/metrics/metrics-graphite/3.2.6/metrics-graphite-3.2.6.jar:/home/cc/.m2/repository/org/apache/storm/storm-client/2.1.0/storm-client-2.1.0-tests.jar:/home/cc/.m2/repository/org/apache/storm/multilang-javascript/2.1.0/multilang-javascript-2.1.0.jar:/home/cc/.m2/repository/org/apache/storm/multilang-ruby/2.1.0/multilang-ruby-2.1.0.jar:/home/cc/.m2/repository/org/apache/storm/multilang-python/2.1.0/multilang-python-2.1.0.jar:/home/cc/.m2/repository/commons-collections/commons-collections/3.2.2/commons-collections-3.2.2.jar:/home/cc/.m2/repository/com/google/guava/guava/27.0.1-jre/guava-27.0.1-jre.jar:/home/cc/.m2/repository/com/google/guava/failureaccess/1.0.1/failureaccess-1.0.1.jar:/home/cc/.m2/repository/com/google/guava/listenablefuture/9999.0-empty-to-avoid-conflict-with-guava/listenablefuture-9999.0-empty-to-avoid-conflict-with-guava.jar:/home/cc/.m2/repository/com/google/code/findbugs/jsr305/3.0.2/jsr305-3.0.2.jar:/home/cc/.m2/repository/org/checkerframework/checker-qual/2.5.2/checker-qual-2.5.2.jar:/home/cc/.m2/repository/com/google/errorprone/error_prone_annotations/2.2.0/error_prone_annotations-2.2.0.jar:/home/cc/.m2/repository/com/google/j2objc/j2objc-annotations/1.1/j2objc-annotations-1.1.jar:/home/cc/.m2/repository/org/codehaus/mojo/animal-sniffer-annotations/1.17/animal-sniffer-annotations-1.17.jar:/home/cc/.m2/repository/org/apache/storm/storm-metrics/2.1.0/storm-metrics-2.1.0.jar:/home/cc/.m2/repository/org/fusesource/sigar/1.6.4/sigar-1.6.4.jar:/home/cc/.m2/repository/org/apache/storm/storm-hdfs/2.1.0/storm-hdfs-2.1.0.jar:/home/cc/.m2/repository/org/apache/hadoop/hadoop-client/2.8.5/hadoop-client-2.8.5.jar:/home/cc/.m2/repository/org/apache/hadoop/hadoop-hdfs-client/2.8.5/hadoop-hdfs-client-2.8.5.jar:/home/cc/.m2/repository/com/squareup/okhttp/okhttp/2.4.0/okhttp-2.4.0.jar:/home/cc/.m2/repository/com/squareup/okio/okio/1.4.0/okio-1.4.0.jar:/home/cc/.m2/repository/org/apache/hadoop/hadoop-mapreduce-client-app/2.8.5/hadoop-mapreduce-client-app-2.8.5.jar:/home/cc/.m2/repository/org/apache/hadoop/hadoop-mapreduce-client-common/2.8.5/hadoop-mapreduce-client-common-2.8.5.jar:/home/cc/.m2/repository/org/apache/hadoop/hadoop-yarn-client/2.8.5/hadoop-yarn-client-2.8.5.jar:/home/cc/.m2/repository/org/apache/hadoop/hadoop-yarn-server-common/2.8.5/hadoop-yarn-server-common-2.8.5.jar:/home/cc/.m2/repository/org/apache/hadoop/hadoop-mapreduce-client-shuffle/2.8.5/hadoop-mapreduce-client-shuffle-2.8.5.jar:/home/cc/.m2/repository/org/apache/hadoop/hadoop-yarn-api/2.8.5/hadoop-yarn-api-2.8.5.jar:/home/cc/.m2/repository/org/apache/hadoop/hadoop-mapreduce-client-core/2.8.5/hadoop-mapreduce-client-core-2.8.5.jar:/home/cc/.m2/repository/org/apache/hadoop/hadoop-yarn-common/2.8.5/hadoop-yarn-common-2.8.5.jar:/home/cc/.m2/repository/com/sun/jersey/jersey-client/1.9/jersey-client-1.9.jar:/home/cc/.m2/repository/org/apache/hadoop/hadoop-mapreduce-client-jobclient/2.8.5/hadoop-mapreduce-client-jobclient-2.8.5.jar:/home/cc/.m2/repository/org/apache/hadoop/hadoop-annotations/2.8.5/hadoop-annotations-2.8.5.jar:/home/cc/.m2/repository/org/apache/hadoop/hadoop-hdfs/2.8.5/hadoop-hdfs-2.8.5.jar:/home/cc/.m2/repository/org/mortbay/jetty/jetty/6.1.26/jetty-6.1.26.jar:/home/cc/.m2/repository/org/mortbay/jetty/jetty-util/6.1.26/jetty-util-6.1.26.jar:/home/cc/.m2/repository/com/sun/jersey/jersey-core/1.9/jersey-core-1.9.jar:/home/cc/.m2/repository/com/sun/jersey/jersey-server/1.9/jersey-server-1.9.jar:/home/cc/.m2/repository/asm/asm/3.1/asm-3.1.jar:/home/cc/.m2/repository/commons-logging/commons-logging/1.1.3/commons-logging-1.1.3.jar:/home/cc/.m2/repository/commons-daemon/commons-daemon/1.0.13/commons-daemon-1.0.13.jar:/home/cc/.m2/repository/log4j/log4j/1.2.17/log4j-1.2.17.jar:/home/cc/.m2/repository/com/google/protobuf/protobuf-java/2.5.0/protobuf-java-2.5.0.jar:/home/cc/.m2/repository/javax/servlet/servlet-api/2.5/servlet-api-2.5.jar:/home/cc/.m2/repository/org/codehaus/jackson/jackson-core-asl/1.9.13/jackson-core-asl-1.9.13.jar:/home/cc/.m2/repository/org/codehaus/jackson/jackson-mapper-asl/1.9.13/jackson-mapper-asl-1.9.13.jar:/home/cc/.m2/repository/xmlenc/xmlenc/0.52/xmlenc-0.52.jar:/home/cc/.m2/repository/io/netty/netty/3.6.2.Final/netty-3.6.2.Final.jar:/home/cc/.m2/repository/io/netty/netty-all/4.1.30.Final/netty-all-4.1.30.Final.jar:/home/cc/.m2/repository/xerces/xercesImpl/2.9.1/xercesImpl-2.9.1.jar:/home/cc/.m2/repository/xml-apis/xml-apis/1.3.04/xml-apis-1.3.04.jar:/home/cc/.m2/repository/org/apache/htrace/htrace-core4/4.0.1-incubating/htrace-core4-4.0.1-incubating.jar:/home/cc/.m2/repository/org/fusesource/leveldbjni/leveldbjni-all/1.8/leveldbjni-all-1.8.jar:/home/cc/.m2/repository/org/apache/hadoop/hadoop-common/2.8.5/hadoop-common-2.8.5.jar:/home/cc/.m2/repository/org/apache/commons/commons-math3/3.1.1/commons-math3-3.1.1.jar:/home/cc/.m2/repository/org/apache/httpcomponents/httpclient/4.5.6/httpclient-4.5.6.jar:/home/cc/.m2/repository/org/apache/httpcomponents/httpcore/4.4.10/httpcore-4.4.10.jar:/home/cc/.m2/repository/commons-net/commons-net/3.1/commons-net-3.1.jar:/home/cc/.m2/repository/org/mortbay/jetty/jetty-sslengine/6.1.26/jetty-sslengine-6.1.26.jar:/home/cc/.m2/repository/javax/servlet/jsp/jsp-api/2.1/jsp-api-2.1.jar:/home/cc/.m2/repository/com/sun/jersey/jersey-json/1.9/jersey-json-1.9.jar:/home/cc/.m2/repository/org/codehaus/jettison/jettison/1.1/jettison-1.1.jar:/home/cc/.m2/repository/com/sun/xml/bind/jaxb-impl/2.2.3-1/jaxb-impl-2.2.3-1.jar:/home/cc/.m2/repository/org/codehaus/jackson/jackson-jaxrs/1.8.3/jackson-jaxrs-1.8.3.jar:/home/cc/.m2/repository/org/codehaus/jackson/jackson-xc/1.8.3/jackson-xc-1.8.3.jar:/home/cc/.m2/repository/net/java/dev/jets3t/jets3t/0.9.0/jets3t-0.9.0.jar:/home/cc/.m2/repository/com/jamesmurty/utils/java-xmlbuilder/0.4/java-xmlbuilder-0.4.jar:/home/cc/.m2/repository/commons-configuration/commons-configuration/1.6/commons-configuration-1.6.jar:/home/cc/.m2/repository/commons-digester/commons-digester/1.8/commons-digester-1.8.jar:/home/cc/.m2/repository/commons-beanutils/commons-beanutils/1.7.0/commons-beanutils-1.7.0.jar:/home/cc/.m2/repository/commons-beanutils/commons-beanutils-core/1.8.0/commons-beanutils-core-1.8.0.jar:/home/cc/.m2/repository/org/apache/avro/avro/1.7.4/avro-1.7.4.jar:/home/cc/.m2/repository/com/thoughtworks/paranamer/paranamer/2.3/paranamer-2.3.jar:/home/cc/.m2/repository/org/xerial/snappy/snappy-java/1.0.4.1/snappy-java-1.0.4.1.jar:/home/cc/.m2/repository/com/google/code/gson/gson/2.2.4/gson-2.2.4.jar:/home/cc/.m2/repository/com/jcraft/jsch/0.1.54/jsch-0.1.54.jar:/home/cc/.m2/repository/org/apache/curator/curator-client/4.2.0/curator-client-4.2.0.jar:/home/cc/.m2/repository/org/apache/curator/curator-recipes/4.2.0/curator-recipes-4.2.0.jar:/home/cc/.m2/repository/org/apache/zookeeper/zookeeper/3.4.14/zookeeper-3.4.14.jar:/home/cc/.m2/repository/org/apache/commons/commons-compress/1.18/commons-compress-1.18.jar:/home/cc/.m2/repository/org/apache/hadoop/hadoop-auth/2.8.5/hadoop-auth-2.8.5.jar:/home/cc/.m2/repository/com/nimbusds/nimbus-jose-jwt/4.41.1/nimbus-jose-jwt-4.41.1.jar:/home/cc/.m2/repository/com/github/stephenc/jcip/jcip-annotations/1.0-1/jcip-annotations-1.0-1.jar:/home/cc/.m2/repository/net/minidev/json-smart/2.3/json-smart-2.3.jar:/home/cc/.m2/repository/net/minidev/accessors-smart/1.2/accessors-smart-1.2.jar:/home/cc/.m2/repository/org/apache/curator/curator-framework/4.2.0/curator-framework-4.2.0.jar:/home/cc/.m2/repository/io/confluent/kafka-avro-serializer/1.0/kafka-avro-serializer-1.0.jar:/home/cc/.m2/repository/io/confluent/kafka-schema-registry-client/1.0/kafka-schema-registry-client-1.0.jar:/home/cc/.m2/repository/org/apache/storm/storm-autocreds/2.1.0/storm-autocreds-2.1.0.jar:/home/cc/.m2/repository/org/apache/hbase/hbase-server/2.1.3/hbase-server-2.1.3.jar:/home/cc/.m2/repository/org/apache/hbase/hbase-http/2.1.3/hbase-http-2.1.3.jar:/home/cc/.m2/repository/org/eclipse/jetty/jetty-util-ajax/9.4.14.v20181114/jetty-util-ajax-9.4.14.v20181114.jar:/home/cc/.m2/repository/org/glassfish/jersey/core/jersey-server/2.27/jersey-server-2.27.jar:/home/cc/.m2/repository/org/glassfish/jersey/core/jersey-common/2.27/jersey-common-2.27.jar:/home/cc/.m2/repository/org/glassfish/hk2/osgi-resource-locator/1.0.1/osgi-resource-locator-1.0.1.jar:/home/cc/.m2/repository/org/glassfish/jersey/core/jersey-client/2.27/jersey-client-2.27.jar:/home/cc/.m2/repository/org/glassfish/jersey/media/jersey-media-jaxb/2.27/jersey-media-jaxb-2.27.jar:/home/cc/.m2/repository/org/glassfish/hk2/external/javax.inject/2.5.0-b42/javax.inject-2.5.0-b42.jar:/home/cc/.m2/repository/javax/validation/validation-api/1.1.0.Final/validation-api-1.1.0.Final.jar:/home/cc/.m2/repository/org/glassfish/jersey/containers/jersey-container-servlet-core/2.27/jersey-container-servlet-core-2.27.jar:/home/cc/.m2/repository/javax/ws/rs/javax.ws.rs-api/2.0.1/javax.ws.rs-api-2.0.1.jar:/home/cc/.m2/repository/org/apache/hbase/hbase-procedure/2.1.3/hbase-procedure-2.1.3.jar:/home/cc/.m2/repository/org/apache/hbase/hbase-zookeeper/2.1.3/hbase-zookeeper-2.1.3.jar:/home/cc/.m2/repository/org/apache/hbase/hbase-replication/2.1.3/hbase-replication-2.1.3.jar:/home/cc/.m2/repository/org/apache/hbase/hbase-metrics-api/2.1.3/hbase-metrics-api-2.1.3.jar:/home/cc/.m2/repository/org/apache/hbase/hbase-metrics/2.1.3/hbase-metrics-2.1.3.jar:/home/cc/.m2/repository/org/eclipse/jetty/jetty-webapp/9.4.14.v20181114/jetty-webapp-9.4.14.v20181114.jar:/home/cc/.m2/repository/org/eclipse/jetty/jetty-xml/9.4.14.v20181114/jetty-xml-9.4.14.v20181114.jar:/home/cc/.m2/repository/org/glassfish/web/javax.servlet.jsp/2.3.2/javax.servlet.jsp-2.3.2.jar:/home/cc/.m2/repository/org/glassfish/javax.el/3.0.1-b12/javax.el-3.0.1-b12.jar:/home/cc/.m2/repository/javax/servlet/jsp/javax.servlet.jsp-api/2.3.1/javax.servlet.jsp-api-2.3.1.jar:/home/cc/.m2/repository/org/jamon/jamon-runtime/2.4.1/jamon-runtime-2.4.1.jar:/home/cc/.m2/repository/com/lmax/disruptor/3.3.6/disruptor-3.3.6.jar:/home/cc/.m2/repository/org/apache/hive/hcatalog/hive-hcatalog-streaming/2.3.4/hive-hcatalog-streaming-2.3.4.jar:/home/cc/.m2/repository/org/apache/hive/hive-serde/2.3.4/hive-serde-2.3.4.jar:/home/cc/.m2/repository/org/apache/hive/hive-common/2.3.4/hive-common-2.3.4.jar:/home/cc/.m2/repository/org/apache/hive/hive-storage-api/2.4.0/hive-storage-api-2.4.0.jar:/home/cc/.m2/repository/org/apache/orc/orc-core/1.3.3/orc-core-1.3.3.jar:/home/cc/.m2/repository/io/airlift/aircompressor/0.3/aircompressor-0.3.jar:/home/cc/.m2/repository/org/eclipse/jetty/aggregate/jetty-all/7.6.0.v20120127/jetty-all-7.6.0.v20120127.jar:/home/cc/.m2/repository/org/apache/geronimo/specs/geronimo-jta_1.1_spec/1.1.1/geronimo-jta_1.1_spec-1.1.1.jar:/home/cc/.m2/repository/javax/mail/mail/1.4.1/mail-1.4.1.jar:/home/cc/.m2/repository/javax/activation/activation/1.1.1/activation-1.1.1.jar:/home/cc/.m2/repository/org/apache/geronimo/specs/geronimo-jaspic_1.0_spec/1.0/geronimo-jaspic_1.0_spec-1.0.jar:/home/cc/.m2/repository/org/apache/geronimo/specs/geronimo-annotation_1.0_spec/1.1.1/geronimo-annotation_1.0_spec-1.1.1.jar:/home/cc/.m2/repository/asm/asm-commons/3.1/asm-commons-3.1.jar:/home/cc/.m2/repository/asm/asm-tree/3.1/asm-tree-3.1.jar:/home/cc/.m2/repository/org/eclipse/jetty/orbit/javax.servlet/3.0.0.v201112011016/javax.servlet-3.0.0.v201112011016.jar:/home/cc/.m2/repository/org/apache/logging/log4j/log4j-web/2.11.2/log4j-web-2.11.2.jar:/home/cc/.m2/repository/com/tdunning/json/1.8/json-1.8.jar:/home/cc/.m2/repository/io/dropwizard/metrics/metrics-jvm/3.1.0/metrics-jvm-3.1.0.jar:/home/cc/.m2/repository/io/dropwizard/metrics/metrics-json/3.1.0/metrics-json-3.1.0.jar:/home/cc/.m2/repository/com/github/joshelser/dropwizard-metrics-hadoop-metrics2-reporter/0.1.2/dropwizard-metrics-hadoop-metrics2-reporter-0.1.2.jar:/home/cc/.m2/repository/org/apache/hive/hive-service-rpc/2.3.4/hive-service-rpc-2.3.4.jar:/home/cc/.m2/repository/tomcat/jasper-compiler/5.5.23/jasper-compiler-5.5.23.jar:/home/cc/.m2/repository/javax/servlet/jsp-api/2.0/jsp-api-2.0.jar:/home/cc/.m2/repository/ant/ant/1.6.5/ant-1.6.5.jar:/home/cc/.m2/repository/tomcat/jasper-runtime/5.5.23/jasper-runtime-5.5.23.jar:/home/cc/.m2/repository/commons-el/commons-el/1.0/commons-el-1.0.jar:/home/cc/.m2/repository/org/apache/hive/hive-shims/2.3.4/hive-shims-2.3.4.jar:/home/cc/.m2/repository/org/apache/hive/shims/hive-shims-common/2.3.4/hive-shims-common-2.3.4.jar:/home/cc/.m2/repository/org/apache/hive/shims/hive-shims-0.23/2.3.4/hive-shims-0.23-2.3.4.jar:/home/cc/.m2/repository/org/apache/hadoop/hadoop-yarn-server-resourcemanager/2.8.5/hadoop-yarn-server-resourcemanager-2.8.5.jar:/home/cc/.m2/repository/com/google/inject/extensions/guice-servlet/3.0/guice-servlet-3.0.jar:/home/cc/.m2/repository/com/sun/jersey/contribs/jersey-guice/1.9/jersey-guice-1.9.jar:/home/cc/.m2/repository/org/apache/hadoop/hadoop-yarn-server-applicationhistoryservice/2.8.5/hadoop-yarn-server-applicationhistoryservice-2.8.5.jar:/home/cc/.m2/repository/org/apache/hadoop/hadoop-yarn-server-web-proxy/2.8.5/hadoop-yarn-server-web-proxy-2.8.5.jar:/home/cc/.m2/repository/org/apache/curator/curator-test/2.13.0/curator-test-2.13.0.jar:/home/cc/.m2/repository/org/javassist/javassist/3.18.1-GA/javassist-3.18.1-GA.jar:/home/cc/.m2/repository/org/apache/zookeeper/zookeeper/3.4.6/zookeeper-3.4.6-tests.jar:/home/cc/.m2/repository/org/apache/hive/shims/hive-shims-scheduler/2.3.4/hive-shims-scheduler-2.3.4.jar:/home/cc/.m2/repository/org/apache/thrift/libthrift/0.12.0/libthrift-0.12.0.jar:/home/cc/.m2/repository/net/sf/opencsv/opencsv/2.3/opencsv-2.3.jar:/home/cc/.m2/repository/org/apache/parquet/parquet-hadoop-bundle/1.8.1/parquet-hadoop-bundle-1.8.1.jar:/home/cc/.m2/repository/org/apache/hive/hive-metastore/2.3.4/hive-metastore-2.3.4.jar:/home/cc/.m2/repository/javolution/javolution/5.5.1/javolution-5.5.1.jar:/home/cc/.m2/repository/com/jolbox/bonecp/0.8.0.RELEASE/bonecp-0.8.0.RELEASE.jar:/home/cc/.m2/repository/com/zaxxer/HikariCP/2.5.1/HikariCP-2.5.1.jar:/home/cc/.m2/repository/org/apache/derby/derby/10.10.2.0/derby-10.10.2.0.jar:/home/cc/.m2/repository/org/datanucleus/datanucleus-api-jdo/4.2.4/datanucleus-api-jdo-4.2.4.jar:/home/cc/.m2/repository/org/datanucleus/datanucleus-core/4.1.17/datanucleus-core-4.1.17.jar:/home/cc/.m2/repository/org/datanucleus/datanucleus-rdbms/4.1.19/datanucleus-rdbms-4.1.19.jar:/home/cc/.m2/repository/commons-pool/commons-pool/1.5.4/commons-pool-1.5.4.jar:/home/cc/.m2/repository/commons-dbcp/commons-dbcp/1.4/commons-dbcp-1.4.jar:/home/cc/.m2/repository/javax/jdo/jdo-api/3.0.1/jdo-api-3.0.1.jar:/home/cc/.m2/repository/javax/transaction/jta/1.1/jta-1.1.jar:/home/cc/.m2/repository/org/datanucleus/javax.jdo/3.2.0-m3/javax.jdo-3.2.0-m3.jar:/home/cc/.m2/repository/javax/transaction/transaction-api/1.1/transaction-api-1.1.jar:/home/cc/.m2/repository/org/antlr/antlr-runtime/3.5.2/antlr-runtime-3.5.2.jar:/home/cc/.m2/repository/org/apache/thrift/libfb303/0.9.3/libfb303-0.9.3.jar:/home/cc/.m2/repository/co/cask/tephra/tephra-api/0.6.0/tephra-api-0.6.0.jar:/home/cc/.m2/repository/co/cask/tephra/tephra-core/0.6.0/tephra-core-0.6.0.jar:/home/cc/.m2/repository/com/google/inject/guice/3.0/guice-3.0.jar:/home/cc/.m2/repository/javax/inject/javax.inject/1/javax.inject-1.jar:/home/cc/.m2/repository/aopalliance/aopalliance/1.0/aopalliance-1.0.jar:/home/cc/.m2/repository/com/google/inject/extensions/guice-assistedinject/3.0/guice-assistedinject-3.0.jar:/home/cc/.m2/repository/it/unimi/dsi/fastutil/6.5.6/fastutil-6.5.6.jar:/home/cc/.m2/repository/org/apache/twill/twill-common/0.6.0-incubating/twill-common-0.6.0-incubating.jar:/home/cc/.m2/repository/org/apache/twill/twill-core/0.6.0-incubating/twill-core-0.6.0-incubating.jar:/home/cc/.m2/repository/org/apache/twill/twill-api/0.6.0-incubating/twill-api-0.6.0-incubating.jar:/home/cc/.m2/repository/org/apache/twill/twill-discovery-api/0.6.0-incubating/twill-discovery-api-0.6.0-incubating.jar:/home/cc/.m2/repository/org/apache/twill/twill-discovery-core/0.6.0-incubating/twill-discovery-core-0.6.0-incubating.jar:/home/cc/.m2/repository/org/apache/twill/twill-zookeeper/0.6.0-incubating/twill-zookeeper-0.6.0-incubating.jar:/home/cc/.m2/repository/co/cask/tephra/tephra-hbase-compat-1.0/0.6.0/tephra-hbase-compat-1.0-0.6.0.jar:/home/cc/.m2/repository/org/apache/hive/hive-exec/2.3.4/hive-exec-2.3.4.jar:/home/cc/.m2/repository/org/apache/hive/hive-vector-code-gen/2.3.4/hive-vector-code-gen-2.3.4.jar:/home/cc/.m2/repository/org/apache/velocity/velocity/1.5/velocity-1.5.jar:/home/cc/.m2/repository/oro/oro/2.0.8/oro-2.0.8.jar:/home/cc/.m2/repository/org/apache/hive/hive-llap-tez/2.3.4/hive-llap-tez-2.3.4.jar:/home/cc/.m2/repository/org/apache/hive/hive-llap-client/2.3.4/hive-llap-client-2.3.4.jar:/home/cc/.m2/repository/org/apache/hive/hive-llap-common/2.3.4/hive-llap-common-2.3.4.jar:/home/cc/.m2/repository/commons-httpclient/commons-httpclient/3.0.1/commons-httpclient-3.0.1.jar:/home/cc/.m2/repository/org/apache/logging/log4j/log4j-1.2-api/2.11.2/log4j-1.2-api-2.11.2.jar:/home/cc/.m2/repository/org/antlr/ST4/4.0.4/ST4-4.0.4.jar:/home/cc/.m2/repository/org/apache/ant/ant/1.9.1/ant-1.9.1.jar:/home/cc/.m2/repository/org/apache/ant/ant-launcher/1.9.1/ant-launcher-1.9.1.jar:/home/cc/.m2/repository/org/apache/ivy/ivy/2.4.0/ivy-2.4.0.jar:/home/cc/.m2/repository/org/codehaus/groovy/groovy-all/2.4.4/groovy-all-2.4.4.jar:/home/cc/.m2/repository/org/apache/calcite/calcite-druid/1.10.0/calcite-druid-1.10.0.jar:/home/cc/.m2/repository/org/apache/calcite/calcite-linq4j/1.10.0/calcite-linq4j-1.10.0.jar:/home/cc/.m2/repository/org/apache/calcite/avatica/avatica/1.8.0/avatica-1.8.0.jar:/home/cc/.m2/repository/org/apache/calcite/avatica/avatica-metrics/1.8.0/avatica-metrics-1.8.0.jar:/home/cc/.m2/repository/stax/stax-api/1.0.1/stax-api-1.0.1.jar:/home/cc/.m2/repository/org/apache/hive/hive-cli/2.3.4/hive-cli-2.3.4.jar:/home/cc/.m2/repository/org/apache/hive/hive-service/2.3.4/hive-service-2.3.4.jar:/home/cc/.m2/repository/org/apache/hive/hive-llap-server/2.3.4/hive-llap-server-2.3.4.jar:/home/cc/.m2/repository/org/apache/slider/slider-core/0.90.2-incubating/slider-core-0.90.2-incubating.jar:/home/cc/.m2/repository/org/apache/hadoop/hadoop-yarn-registry/2.8.5/hadoop-yarn-registry-2.8.5.jar:/home/cc/.m2/repository/org/apache/hive/hive-llap-common/2.3.4/hive-llap-common-2.3.4-tests.jar:/home/cc/.m2/repository/net/sf/jpam/jpam/1.1/jpam-1.1.jar:/home/cc/.m2/repository/org/apache/hive/hcatalog/hive-webhcat-java-client/2.3.4/hive-webhcat-java-client-2.3.4.jar:/home/cc/.m2/repository/org/apache/hive/hcatalog/hive-hcatalog-core/2.3.4/hive-hcatalog-core-2.3.4.jar:/home/cc/.m2/repository/org/apache/hadoop/hadoop-archives/2.8.5/hadoop-archives-2.8.5.jar:/home/cc/.m2/repository/org/apache/hive/hcatalog/hive-hcatalog-server-extensions/2.3.4/hive-hcatalog-server-extensions-2.3.4.jar:/home/cc/.m2/repository/javax/jms/jms/1.1/jms-1.1.jar:/home/cc/.m2/repository/org/apache/storm/storm-hbase/2.1.0/storm-hbase-2.1.0.jar:/home/cc/.m2/repository/org/apache/hbase/hbase-annotations/2.1.3/hbase-annotations-2.1.3.jar:/home/cc/.m2/repository/org/apache/hbase/hbase-client/2.1.3/hbase-client-2.1.3.jar:/home/cc/.m2/repository/org/apache/hbase/thirdparty/hbase-shaded-protobuf/2.1.0/hbase-shaded-protobuf-2.1.0.jar:/home/cc/.m2/repository/org/apache/hbase/hbase-common/2.1.3/hbase-common-2.1.3.jar:/home/cc/.m2/repository/com/github/stephenc/findbugs/findbugs-annotations/1.3.9-1/findbugs-annotations-1.3.9-1.jar:/home/cc/.m2/repository/org/apache/hbase/hbase-hadoop-compat/2.1.3/hbase-hadoop-compat-2.1.3.jar:/home/cc/.m2/repository/org/apache/hbase/hbase-hadoop2-compat/2.1.3/hbase-hadoop2-compat-2.1.3.jar:/home/cc/.m2/repository/org/apache/hbase/hbase-protocol-shaded/2.1.3/hbase-protocol-shaded-2.1.3.jar:/home/cc/.m2/repository/org/apache/hbase/hbase-protocol/2.1.3/hbase-protocol-2.1.3.jar:/home/cc/.m2/repository/org/apache/commons/commons-lang3/3.6/commons-lang3-3.6.jar:/home/cc/.m2/repository/org/apache/hbase/thirdparty/hbase-shaded-miscellaneous/2.1.0/hbase-shaded-miscellaneous-2.1.0.jar:/home/cc/.m2/repository/org/apache/hbase/thirdparty/hbase-shaded-netty/2.1.0/hbase-shaded-netty-2.1.0.jar:/home/cc/.m2/repository/org/jruby/jcodings/jcodings/1.0.18/jcodings-1.0.18.jar:/home/cc/.m2/repository/org/jruby/joni/joni/2.1.11/joni-2.1.11.jar:/home/cc/.m2/repository/org/apache/commons/commons-crypto/1.0.0/commons-crypto-1.0.0.jar:/home/cc/.m2/repository/org/apache/yetus/audience-annotations/0.5.0/audience-annotations-0.5.0.jar:/home/cc/.m2/repository/com/github/ben-manes/caffeine/caffeine/2.3.5/caffeine-2.3.5.jar:/home/cc/.m2/repository/com/fasterxml/jackson/core/jackson-core/2.9.8/jackson-core-2.9.8.jar:/home/cc/.m2/repository/com/fasterxml/jackson/core/jackson-databind/2.9.8/jackson-databind-2.9.8.jar:/home/cc/.m2/repository/com/fasterxml/jackson/core/jackson-annotations/2.9.0/jackson-annotations-2.9.0.jar:/home/cc/.m2/repository/org/apache/storm/storm-redis/2.1.0/storm-redis-2.1.0.jar:/home/cc/.m2/repository/commons-codec/commons-codec/1.11/commons-codec-1.11.jar:/home/cc/.m2/repository/redis/clients/jedis/2.9.0/jedis-2.9.0.jar:/home/cc/.m2/repository/org/apache/commons/commons-pool2/2.4.2/commons-pool2-2.4.2.jar:/home/cc/.m2/repository/org/junit/jupiter/junit-jupiter-engine/5.5.1/junit-jupiter-engine-5.5.1.jar:/home/cc/.m2/repository/org/apiguardian/apiguardian-api/1.1.0/apiguardian-api-1.1.0.jar:/home/cc/.m2/repository/org/junit/platform/junit-platform-engine/1.5.1/junit-platform-engine-1.5.1.jar:/home/cc/.m2/repository/org/opentest4j/opentest4j/1.2.0/opentest4j-1.2.0.jar:/home/cc/.m2/repository/org/junit/platform/junit-platform-commons/1.5.1/junit-platform-commons-1.5.1.jar:/home/cc/.m2/repository/org/junit/jupiter/junit-jupiter-api/5.5.1/junit-jupiter-api-5.5.1.jar:/home/cc/.m2/repository/org/junit/vintage/junit-vintage-engine/5.5.1/junit-vintage-engine-5.5.1.jar:"/>
    <property name="java.vm.vendor" value="Private Build"/>
    <property name="sun.arch.data.model" value="64"/>
    <property name="java.vendor.url" value="http://java.oracle.com/"/>
    <property name="user.timezone" value=""/>
    <property name="java.vm.specification.version" value="1.8"/>
    <property name="os.name" value="Linux"/>
    <property name="user.country" value="US"/>
    <property name="sun.java.launcher" value="SUN_STANDARD"/>
    <property name="sun.boot.library.path" value="/usr/lib/jvm/java-8-openjdk-amd64/jre/lib/amd64"/>
    <property name="sun.java.command" value="/home/cc/storm/examples/storm-starter/target/surefire/surefirebooter766613574641261007.jar /home/cc/storm/examples/storm-starter/target/surefire 2022-03-04T17-09-10_605-jvmRun4 surefire5716508282370352001tmp surefire_21524453391561890185tmp"/>
    <property name="surefire.test.class.path" value="/home/cc/storm/examples/storm-starter/target/test-classes:/home/cc/storm/examples/storm-starter/target/classes:/home/cc/.m2/repository/org/hdrhistogram/HdrHistogram/2.1.10/HdrHistogram-2.1.10.jar:/home/cc/.m2/repository/org/testng/testng/6.8.5/testng-6.8.5.jar:/home/cc/.m2/repository/junit/junit/4.12/junit-4.12.jar:/home/cc/.m2/repository/org/beanshell/bsh/2.0b4/bsh-2.0b4.jar:/home/cc/.m2/repository/com/beust/jcommander/1.27/jcommander-1.27.jar:/home/cc/.m2/repository/org/yaml/snakeyaml/1.11/snakeyaml-1.11.jar:/home/cc/.m2/repository/org/mockito/mockito-core/3.0.0/mockito-core-3.0.0.jar:/home/cc/.m2/repository/net/bytebuddy/byte-buddy/1.9.10/byte-buddy-1.9.10.jar:/home/cc/.m2/repository/net/bytebuddy/byte-buddy-agent/1.9.10/byte-buddy-agent-1.9.10.jar:/home/cc/.m2/repository/org/objenesis/objenesis/2.6/objenesis-2.6.jar:/home/cc/.m2/repository/org/hamcrest/java-hamcrest/2.0.0.0/java-hamcrest-2.0.0.0.jar:/home/cc/.m2/repository/org/easytesting/fest-assert-core/2.0M8/fest-assert-core-2.0M8.jar:/home/cc/.m2/repository/org/easytesting/fest-util/1.2.3/fest-util-1.2.3.jar:/home/cc/.m2/repository/org/jmock/jmock/2.6.0/jmock-2.6.0.jar:/home/cc/.m2/repository/org/hamcrest/hamcrest-core/1.1/hamcrest-core-1.1.jar:/home/cc/.m2/repository/org/hamcrest/hamcrest-library/1.1/hamcrest-library-1.1.jar:/home/cc/.m2/repository/org/apache/storm/storm-clojure/2.1.0/storm-clojure-2.1.0.jar:/home/cc/.m2/repository/org/clojure/tools.logging/0.2.3/tools.logging-0.2.3.jar:/home/cc/.m2/repository/org/clojure/clojure/1.10.0/clojure-1.10.0.jar:/home/cc/.m2/repository/org/clojure/spec.alpha/0.2.176/spec.alpha-0.2.176.jar:/home/cc/.m2/repository/org/clojure/core.specs.alpha/0.2.44/core.specs.alpha-0.2.44.jar:/home/cc/.m2/repository/com/googlecode/json-simple/json-simple/1.1/json-simple-1.1.jar:/home/cc/.m2/repository/com/twitter/carbonite/1.5.0/carbonite-1.5.0.jar:/home/cc/.m2/repository/com/twitter/chill-java/0.8.0/chill-java-0.8.0.jar:/home/cc/.m2/repository/com/esotericsoftware/kryo-shaded/3.0.3/kryo-shaded-3.0.3.jar:/home/cc/.m2/repository/org/apache/storm/storm-clojure-test/2.1.0/storm-clojure-test-2.1.0.jar:/home/cc/.m2/repository/org/apache/storm/storm-core/2.1.0/storm-core-2.1.0.jar:/home/cc/.m2/repository/org/apache/storm/storm-server/2.1.0/storm-server-2.1.0.jar:/home/cc/.m2/repository/org/apache/commons/commons-exec/1.3/commons-exec-1.3.jar:/home/cc/.m2/repository/org/rocksdb/rocksdbjni/5.18.3/rocksdbjni-5.18.3.jar:/home/cc/.m2/repository/jline/jline/0.9.94/jline-0.9.94.jar:/home/cc/.m2/repository/javax/servlet/javax.servlet-api/3.1.0/javax.servlet-api-3.1.0.jar:/home/cc/.m2/repository/commons-cli/commons-cli/1.4/commons-cli-1.4.jar:/home/cc/.m2/repository/commons-io/commons-io/2.6/commons-io-2.6.jar:/home/cc/.m2/repository/commons-lang/commons-lang/2.6/commons-lang-2.6.jar:/home/cc/.m2/repository/joda-time/joda-time/2.3/joda-time-2.3.jar:/home/cc/.m2/repository/org/eclipse/jetty/jetty-server/9.4.14.v20181114/jetty-server-9.4.14.v20181114.jar:/home/cc/.m2/repository/org/eclipse/jetty/jetty-http/9.4.14.v20181114/jetty-http-9.4.14.v20181114.jar:/home/cc/.m2/repository/org/eclipse/jetty/jetty-io/9.4.14.v20181114/jetty-io-9.4.14.v20181114.jar:/home/cc/.m2/repository/org/eclipse/jetty/jetty-util/9.4.14.v20181114/jetty-util-9.4.14.v20181114.jar:/home/cc/.m2/repository/org/eclipse/jetty/jetty-servlet/9.4.14.v20181114/jetty-servlet-9.4.14.v20181114.jar:/home/cc/.m2/repository/org/eclipse/jetty/jetty-security/9.4.14.v20181114/jetty-security-9.4.14.v20181114.jar:/home/cc/.m2/repository/org/eclipse/jetty/jetty-servlets/9.4.14.v20181114/jetty-servlets-9.4.14.v20181114.jar:/home/cc/.m2/repository/org/eclipse/jetty/jetty-continuation/9.4.14.v20181114/jetty-continuation-9.4.14.v20181114.jar:/home/cc/.m2/repository/com/fasterxml/jackson/dataformat/jackson-dataformat-smile/2.9.8/jackson-dataformat-smile-2.9.8.jar:/home/cc/.m2/repository/commons-fileupload/commons-fileupload/1.3.3/commons-fileupload-1.3.3.jar:/home/cc/.m2/repository/org/apache/storm/storm-client/2.1.0/storm-client-2.1.0.jar:/home/cc/.m2/repository/org/slf4j/slf4j-api/1.7.26/slf4j-api-1.7.26.jar:/home/cc/.m2/repository/org/apache/logging/log4j/log4j-api/2.11.2/log4j-api-2.11.2.jar:/home/cc/.m2/repository/org/apache/logging/log4j/log4j-core/2.11.2/log4j-core-2.11.2.jar:/home/cc/.m2/repository/org/apache/logging/log4j/log4j-slf4j-impl/2.11.2/log4j-slf4j-impl-2.11.2.jar:/home/cc/.m2/repository/org/slf4j/log4j-over-slf4j/1.7.26/log4j-over-slf4j-1.7.26.jar:/home/cc/.m2/repository/org/apache/storm/storm-shaded-deps/2.1.0/storm-shaded-deps-2.1.0.jar:/home/cc/.m2/repository/javax/xml/bind/jaxb-api/2.3.0/jaxb-api-2.3.0.jar:/home/cc/.m2/repository/javax/annotation/javax.annotation-api/1.3.2/javax.annotation-api-1.3.2.jar:/home/cc/.m2/repository/com/esotericsoftware/kryo/3.0.3/kryo-3.0.3.jar:/home/cc/.m2/repository/com/esotericsoftware/reflectasm/1.10.1/reflectasm-1.10.1.jar:/home/cc/.m2/repository/org/ow2/asm/asm/5.0.3/asm-5.0.3.jar:/home/cc/.m2/repository/com/esotericsoftware/minlog/1.3.0/minlog-1.3.0.jar:/home/cc/.m2/repository/io/dropwizard/metrics/metrics-core/3.2.6/metrics-core-3.2.6.jar:/home/cc/.m2/repository/io/dropwizard/metrics/metrics-graphite/3.2.6/metrics-graphite-3.2.6.jar:/home/cc/.m2/repository/org/apache/storm/storm-client/2.1.0/storm-client-2.1.0-tests.jar:/home/cc/.m2/repository/org/apache/storm/multilang-javascript/2.1.0/multilang-javascript-2.1.0.jar:/home/cc/.m2/repository/org/apache/storm/multilang-ruby/2.1.0/multilang-ruby-2.1.0.jar:/home/cc/.m2/repository/org/apache/storm/multilang-python/2.1.0/multilang-python-2.1.0.jar:/home/cc/.m2/repository/commons-collections/commons-collections/3.2.2/commons-collections-3.2.2.jar:/home/cc/.m2/repository/com/google/guava/guava/27.0.1-jre/guava-27.0.1-jre.jar:/home/cc/.m2/repository/com/google/guava/failureaccess/1.0.1/failureaccess-1.0.1.jar:/home/cc/.m2/repository/com/google/guava/listenablefuture/9999.0-empty-to-avoid-conflict-with-guava/listenablefuture-9999.0-empty-to-avoid-conflict-with-guava.jar:/home/cc/.m2/repository/com/google/code/findbugs/jsr305/3.0.2/jsr305-3.0.2.jar:/home/cc/.m2/repository/org/checkerframework/checker-qual/2.5.2/checker-qual-2.5.2.jar:/home/cc/.m2/repository/com/google/errorprone/error_prone_annotations/2.2.0/error_prone_annotations-2.2.0.jar:/home/cc/.m2/repository/com/google/j2objc/j2objc-annotations/1.1/j2objc-annotations-1.1.jar:/home/cc/.m2/repository/org/codehaus/mojo/animal-sniffer-annotations/1.17/animal-sniffer-annotations-1.17.jar:/home/cc/.m2/repository/org/apache/storm/storm-metrics/2.1.0/storm-metrics-2.1.0.jar:/home/cc/.m2/repository/org/fusesource/sigar/1.6.4/sigar-1.6.4.jar:/home/cc/.m2/repository/org/apache/storm/storm-hdfs/2.1.0/storm-hdfs-2.1.0.jar:/home/cc/.m2/repository/org/apache/hadoop/hadoop-client/2.8.5/hadoop-client-2.8.5.jar:/home/cc/.m2/repository/org/apache/hadoop/hadoop-hdfs-client/2.8.5/hadoop-hdfs-client-2.8.5.jar:/home/cc/.m2/repository/com/squareup/okhttp/okhttp/2.4.0/okhttp-2.4.0.jar:/home/cc/.m2/repository/com/squareup/okio/okio/1.4.0/okio-1.4.0.jar:/home/cc/.m2/repository/org/apache/hadoop/hadoop-mapreduce-client-app/2.8.5/hadoop-mapreduce-client-app-2.8.5.jar:/home/cc/.m2/repository/org/apache/hadoop/hadoop-mapreduce-client-common/2.8.5/hadoop-mapreduce-client-common-2.8.5.jar:/home/cc/.m2/repository/org/apache/hadoop/hadoop-yarn-client/2.8.5/hadoop-yarn-client-2.8.5.jar:/home/cc/.m2/repository/org/apache/hadoop/hadoop-yarn-server-common/2.8.5/hadoop-yarn-server-common-2.8.5.jar:/home/cc/.m2/repository/org/apache/hadoop/hadoop-mapreduce-client-shuffle/2.8.5/hadoop-mapreduce-client-shuffle-2.8.5.jar:/home/cc/.m2/repository/org/apache/hadoop/hadoop-yarn-api/2.8.5/hadoop-yarn-api-2.8.5.jar:/home/cc/.m2/repository/org/apache/hadoop/hadoop-mapreduce-client-core/2.8.5/hadoop-mapreduce-client-core-2.8.5.jar:/home/cc/.m2/repository/org/apache/hadoop/hadoop-yarn-common/2.8.5/hadoop-yarn-common-2.8.5.jar:/home/cc/.m2/repository/com/sun/jersey/jersey-client/1.9/jersey-client-1.9.jar:/home/cc/.m2/repository/org/apache/hadoop/hadoop-mapreduce-client-jobclient/2.8.5/hadoop-mapreduce-client-jobclient-2.8.5.jar:/home/cc/.m2/repository/org/apache/hadoop/hadoop-annotations/2.8.5/hadoop-annotations-2.8.5.jar:/home/cc/.m2/repository/org/apache/hadoop/hadoop-hdfs/2.8.5/hadoop-hdfs-2.8.5.jar:/home/cc/.m2/repository/org/mortbay/jetty/jetty/6.1.26/jetty-6.1.26.jar:/home/cc/.m2/repository/org/mortbay/jetty/jetty-util/6.1.26/jetty-util-6.1.26.jar:/home/cc/.m2/repository/com/sun/jersey/jersey-core/1.9/jersey-core-1.9.jar:/home/cc/.m2/repository/com/sun/jersey/jersey-server/1.9/jersey-server-1.9.jar:/home/cc/.m2/repository/asm/asm/3.1/asm-3.1.jar:/home/cc/.m2/repository/commons-logging/commons-logging/1.1.3/commons-logging-1.1.3.jar:/home/cc/.m2/repository/commons-daemon/commons-daemon/1.0.13/commons-daemon-1.0.13.jar:/home/cc/.m2/repository/log4j/log4j/1.2.17/log4j-1.2.17.jar:/home/cc/.m2/repository/com/google/protobuf/protobuf-java/2.5.0/protobuf-java-2.5.0.jar:/home/cc/.m2/repository/javax/servlet/servlet-api/2.5/servlet-api-2.5.jar:/home/cc/.m2/repository/org/codehaus/jackson/jackson-core-asl/1.9.13/jackson-core-asl-1.9.13.jar:/home/cc/.m2/repository/org/codehaus/jackson/jackson-mapper-asl/1.9.13/jackson-mapper-asl-1.9.13.jar:/home/cc/.m2/repository/xmlenc/xmlenc/0.52/xmlenc-0.52.jar:/home/cc/.m2/repository/io/netty/netty/3.6.2.Final/netty-3.6.2.Final.jar:/home/cc/.m2/repository/io/netty/netty-all/4.1.30.Final/netty-all-4.1.30.Final.jar:/home/cc/.m2/repository/xerces/xercesImpl/2.9.1/xercesImpl-2.9.1.jar:/home/cc/.m2/repository/xml-apis/xml-apis/1.3.04/xml-apis-1.3.04.jar:/home/cc/.m2/repository/org/apache/htrace/htrace-core4/4.0.1-incubating/htrace-core4-4.0.1-incubating.jar:/home/cc/.m2/repository/org/fusesource/leveldbjni/leveldbjni-all/1.8/leveldbjni-all-1.8.jar:/home/cc/.m2/repository/org/apache/hadoop/hadoop-common/2.8.5/hadoop-common-2.8.5.jar:/home/cc/.m2/repository/org/apache/commons/commons-math3/3.1.1/commons-math3-3.1.1.jar:/home/cc/.m2/repository/org/apache/httpcomponents/httpclient/4.5.6/httpclient-4.5.6.jar:/home/cc/.m2/repository/org/apache/httpcomponents/httpcore/4.4.10/httpcore-4.4.10.jar:/home/cc/.m2/repository/commons-net/commons-net/3.1/commons-net-3.1.jar:/home/cc/.m2/repository/org/mortbay/jetty/jetty-sslengine/6.1.26/jetty-sslengine-6.1.26.jar:/home/cc/.m2/repository/javax/servlet/jsp/jsp-api/2.1/jsp-api-2.1.jar:/home/cc/.m2/repository/com/sun/jersey/jersey-json/1.9/jersey-json-1.9.jar:/home/cc/.m2/repository/org/codehaus/jettison/jettison/1.1/jettison-1.1.jar:/home/cc/.m2/repository/com/sun/xml/bind/jaxb-impl/2.2.3-1/jaxb-impl-2.2.3-1.jar:/home/cc/.m2/repository/org/codehaus/jackson/jackson-jaxrs/1.8.3/jackson-jaxrs-1.8.3.jar:/home/cc/.m2/repository/org/codehaus/jackson/jackson-xc/1.8.3/jackson-xc-1.8.3.jar:/home/cc/.m2/repository/net/java/dev/jets3t/jets3t/0.9.0/jets3t-0.9.0.jar:/home/cc/.m2/repository/com/jamesmurty/utils/java-xmlbuilder/0.4/java-xmlbuilder-0.4.jar:/home/cc/.m2/repository/commons-configuration/commons-configuration/1.6/commons-configuration-1.6.jar:/home/cc/.m2/repository/commons-digester/commons-digester/1.8/commons-digester-1.8.jar:/home/cc/.m2/repository/commons-beanutils/commons-beanutils/1.7.0/commons-beanutils-1.7.0.jar:/home/cc/.m2/repository/commons-beanutils/commons-beanutils-core/1.8.0/commons-beanutils-core-1.8.0.jar:/home/cc/.m2/repository/org/apache/avro/avro/1.7.4/avro-1.7.4.jar:/home/cc/.m2/repository/com/thoughtworks/paranamer/paranamer/2.3/paranamer-2.3.jar:/home/cc/.m2/repository/org/xerial/snappy/snappy-java/1.0.4.1/snappy-java-1.0.4.1.jar:/home/cc/.m2/repository/com/google/code/gson/gson/2.2.4/gson-2.2.4.jar:/home/cc/.m2/repository/com/jcraft/jsch/0.1.54/jsch-0.1.54.jar:/home/cc/.m2/repository/org/apache/curator/curator-client/4.2.0/curator-client-4.2.0.jar:/home/cc/.m2/repository/org/apache/curator/curator-recipes/4.2.0/curator-recipes-4.2.0.jar:/home/cc/.m2/repository/org/apache/zookeeper/zookeeper/3.4.14/zookeeper-3.4.14.jar:/home/cc/.m2/repository/org/apache/commons/commons-compress/1.18/commons-compress-1.18.jar:/home/cc/.m2/repository/org/apache/hadoop/hadoop-auth/2.8.5/hadoop-auth-2.8.5.jar:/home/cc/.m2/repository/com/nimbusds/nimbus-jose-jwt/4.41.1/nimbus-jose-jwt-4.41.1.jar:/home/cc/.m2/repository/com/github/stephenc/jcip/jcip-annotations/1.0-1/jcip-annotations-1.0-1.jar:/home/cc/.m2/repository/net/minidev/json-smart/2.3/json-smart-2.3.jar:/home/cc/.m2/repository/net/minidev/accessors-smart/1.2/accessors-smart-1.2.jar:/home/cc/.m2/repository/org/apache/curator/curator-framework/4.2.0/curator-framework-4.2.0.jar:/home/cc/.m2/repository/io/confluent/kafka-avro-serializer/1.0/kafka-avro-serializer-1.0.jar:/home/cc/.m2/repository/io/confluent/kafka-schema-registry-client/1.0/kafka-schema-registry-client-1.0.jar:/home/cc/.m2/repository/org/apache/storm/storm-autocreds/2.1.0/storm-autocreds-2.1.0.jar:/home/cc/.m2/repository/org/apache/hbase/hbase-server/2.1.3/hbase-server-2.1.3.jar:/home/cc/.m2/repository/org/apache/hbase/hbase-http/2.1.3/hbase-http-2.1.3.jar:/home/cc/.m2/repository/org/eclipse/jetty/jetty-util-ajax/9.4.14.v20181114/jetty-util-ajax-9.4.14.v20181114.jar:/home/cc/.m2/repository/org/glassfish/jersey/core/jersey-server/2.27/jersey-server-2.27.jar:/home/cc/.m2/repository/org/glassfish/jersey/core/jersey-common/2.27/jersey-common-2.27.jar:/home/cc/.m2/repository/org/glassfish/hk2/osgi-resource-locator/1.0.1/osgi-resource-locator-1.0.1.jar:/home/cc/.m2/repository/org/glassfish/jersey/core/jersey-client/2.27/jersey-client-2.27.jar:/home/cc/.m2/repository/org/glassfish/jersey/media/jersey-media-jaxb/2.27/jersey-media-jaxb-2.27.jar:/home/cc/.m2/repository/org/glassfish/hk2/external/javax.inject/2.5.0-b42/javax.inject-2.5.0-b42.jar:/home/cc/.m2/repository/javax/validation/validation-api/1.1.0.Final/validation-api-1.1.0.Final.jar:/home/cc/.m2/repository/org/glassfish/jersey/containers/jersey-container-servlet-core/2.27/jersey-container-servlet-core-2.27.jar:/home/cc/.m2/repository/javax/ws/rs/javax.ws.rs-api/2.0.1/javax.ws.rs-api-2.0.1.jar:/home/cc/.m2/repository/org/apache/hbase/hbase-procedure/2.1.3/hbase-procedure-2.1.3.jar:/home/cc/.m2/repository/org/apache/hbase/hbase-zookeeper/2.1.3/hbase-zookeeper-2.1.3.jar:/home/cc/.m2/repository/org/apache/hbase/hbase-replication/2.1.3/hbase-replication-2.1.3.jar:/home/cc/.m2/repository/org/apache/hbase/hbase-metrics-api/2.1.3/hbase-metrics-api-2.1.3.jar:/home/cc/.m2/repository/org/apache/hbase/hbase-metrics/2.1.3/hbase-metrics-2.1.3.jar:/home/cc/.m2/repository/org/eclipse/jetty/jetty-webapp/9.4.14.v20181114/jetty-webapp-9.4.14.v20181114.jar:/home/cc/.m2/repository/org/eclipse/jetty/jetty-xml/9.4.14.v20181114/jetty-xml-9.4.14.v20181114.jar:/home/cc/.m2/repository/org/glassfish/web/javax.servlet.jsp/2.3.2/javax.servlet.jsp-2.3.2.jar:/home/cc/.m2/repository/org/glassfish/javax.el/3.0.1-b12/javax.el-3.0.1-b12.jar:/home/cc/.m2/repository/javax/servlet/jsp/javax.servlet.jsp-api/2.3.1/javax.servlet.jsp-api-2.3.1.jar:/home/cc/.m2/repository/org/jamon/jamon-runtime/2.4.1/jamon-runtime-2.4.1.jar:/home/cc/.m2/repository/com/lmax/disruptor/3.3.6/disruptor-3.3.6.jar:/home/cc/.m2/repository/org/apache/hive/hcatalog/hive-hcatalog-streaming/2.3.4/hive-hcatalog-streaming-2.3.4.jar:/home/cc/.m2/repository/org/apache/hive/hive-serde/2.3.4/hive-serde-2.3.4.jar:/home/cc/.m2/repository/org/apache/hive/hive-common/2.3.4/hive-common-2.3.4.jar:/home/cc/.m2/repository/org/apache/hive/hive-storage-api/2.4.0/hive-storage-api-2.4.0.jar:/home/cc/.m2/repository/org/apache/orc/orc-core/1.3.3/orc-core-1.3.3.jar:/home/cc/.m2/repository/io/airlift/aircompressor/0.3/aircompressor-0.3.jar:/home/cc/.m2/repository/org/eclipse/jetty/aggregate/jetty-all/7.6.0.v20120127/jetty-all-7.6.0.v20120127.jar:/home/cc/.m2/repository/org/apache/geronimo/specs/geronimo-jta_1.1_spec/1.1.1/geronimo-jta_1.1_spec-1.1.1.jar:/home/cc/.m2/repository/javax/mail/mail/1.4.1/mail-1.4.1.jar:/home/cc/.m2/repository/javax/activation/activation/1.1.1/activation-1.1.1.jar:/home/cc/.m2/repository/org/apache/geronimo/specs/geronimo-jaspic_1.0_spec/1.0/geronimo-jaspic_1.0_spec-1.0.jar:/home/cc/.m2/repository/org/apache/geronimo/specs/geronimo-annotation_1.0_spec/1.1.1/geronimo-annotation_1.0_spec-1.1.1.jar:/home/cc/.m2/repository/asm/asm-commons/3.1/asm-commons-3.1.jar:/home/cc/.m2/repository/asm/asm-tree/3.1/asm-tree-3.1.jar:/home/cc/.m2/repository/org/eclipse/jetty/orbit/javax.servlet/3.0.0.v201112011016/javax.servlet-3.0.0.v201112011016.jar:/home/cc/.m2/repository/org/apache/logging/log4j/log4j-web/2.11.2/log4j-web-2.11.2.jar:/home/cc/.m2/repository/com/tdunning/json/1.8/json-1.8.jar:/home/cc/.m2/repository/io/dropwizard/metrics/metrics-jvm/3.1.0/metrics-jvm-3.1.0.jar:/home/cc/.m2/repository/io/dropwizard/metrics/metrics-json/3.1.0/metrics-json-3.1.0.jar:/home/cc/.m2/repository/com/github/joshelser/dropwizard-metrics-hadoop-metrics2-reporter/0.1.2/dropwizard-metrics-hadoop-metrics2-reporter-0.1.2.jar:/home/cc/.m2/repository/org/apache/hive/hive-service-rpc/2.3.4/hive-service-rpc-2.3.4.jar:/home/cc/.m2/repository/tomcat/jasper-compiler/5.5.23/jasper-compiler-5.5.23.jar:/home/cc/.m2/repository/javax/servlet/jsp-api/2.0/jsp-api-2.0.jar:/home/cc/.m2/repository/ant/ant/1.6.5/ant-1.6.5.jar:/home/cc/.m2/repository/tomcat/jasper-runtime/5.5.23/jasper-runtime-5.5.23.jar:/home/cc/.m2/repository/commons-el/commons-el/1.0/commons-el-1.0.jar:/home/cc/.m2/repository/org/apache/hive/hive-shims/2.3.4/hive-shims-2.3.4.jar:/home/cc/.m2/repository/org/apache/hive/shims/hive-shims-common/2.3.4/hive-shims-common-2.3.4.jar:/home/cc/.m2/repository/org/apache/hive/shims/hive-shims-0.23/2.3.4/hive-shims-0.23-2.3.4.jar:/home/cc/.m2/repository/org/apache/hadoop/hadoop-yarn-server-resourcemanager/2.8.5/hadoop-yarn-server-resourcemanager-2.8.5.jar:/home/cc/.m2/repository/com/google/inject/extensions/guice-servlet/3.0/guice-servlet-3.0.jar:/home/cc/.m2/repository/com/sun/jersey/contribs/jersey-guice/1.9/jersey-guice-1.9.jar:/home/cc/.m2/repository/org/apache/hadoop/hadoop-yarn-server-applicationhistoryservice/2.8.5/hadoop-yarn-server-applicationhistoryservice-2.8.5.jar:/home/cc/.m2/repository/org/apache/hadoop/hadoop-yarn-server-web-proxy/2.8.5/hadoop-yarn-server-web-proxy-2.8.5.jar:/home/cc/.m2/repository/org/apache/curator/curator-test/2.13.0/curator-test-2.13.0.jar:/home/cc/.m2/repository/org/javassist/javassist/3.18.1-GA/javassist-3.18.1-GA.jar:/home/cc/.m2/repository/org/apache/zookeeper/zookeeper/3.4.6/zookeeper-3.4.6-tests.jar:/home/cc/.m2/repository/org/apache/hive/shims/hive-shims-scheduler/2.3.4/hive-shims-scheduler-2.3.4.jar:/home/cc/.m2/repository/org/apache/thrift/libthrift/0.12.0/libthrift-0.12.0.jar:/home/cc/.m2/repository/net/sf/opencsv/opencsv/2.3/opencsv-2.3.jar:/home/cc/.m2/repository/org/apache/parquet/parquet-hadoop-bundle/1.8.1/parquet-hadoop-bundle-1.8.1.jar:/home/cc/.m2/repository/org/apache/hive/hive-metastore/2.3.4/hive-metastore-2.3.4.jar:/home/cc/.m2/repository/javolution/javolution/5.5.1/javolution-5.5.1.jar:/home/cc/.m2/repository/com/jolbox/bonecp/0.8.0.RELEASE/bonecp-0.8.0.RELEASE.jar:/home/cc/.m2/repository/com/zaxxer/HikariCP/2.5.1/HikariCP-2.5.1.jar:/home/cc/.m2/repository/org/apache/derby/derby/10.10.2.0/derby-10.10.2.0.jar:/home/cc/.m2/repository/org/datanucleus/datanucleus-api-jdo/4.2.4/datanucleus-api-jdo-4.2.4.jar:/home/cc/.m2/repository/org/datanucleus/datanucleus-core/4.1.17/datanucleus-core-4.1.17.jar:/home/cc/.m2/repository/org/datanucleus/datanucleus-rdbms/4.1.19/datanucleus-rdbms-4.1.19.jar:/home/cc/.m2/repository/commons-pool/commons-pool/1.5.4/commons-pool-1.5.4.jar:/home/cc/.m2/repository/commons-dbcp/commons-dbcp/1.4/commons-dbcp-1.4.jar:/home/cc/.m2/repository/javax/jdo/jdo-api/3.0.1/jdo-api-3.0.1.jar:/home/cc/.m2/repository/javax/transaction/jta/1.1/jta-1.1.jar:/home/cc/.m2/repository/org/datanucleus/javax.jdo/3.2.0-m3/javax.jdo-3.2.0-m3.jar:/home/cc/.m2/repository/javax/transaction/transaction-api/1.1/transaction-api-1.1.jar:/home/cc/.m2/repository/org/antlr/antlr-runtime/3.5.2/antlr-runtime-3.5.2.jar:/home/cc/.m2/repository/org/apache/thrift/libfb303/0.9.3/libfb303-0.9.3.jar:/home/cc/.m2/repository/co/cask/tephra/tephra-api/0.6.0/tephra-api-0.6.0.jar:/home/cc/.m2/repository/co/cask/tephra/tephra-core/0.6.0/tephra-core-0.6.0.jar:/home/cc/.m2/repository/com/google/inject/guice/3.0/guice-3.0.jar:/home/cc/.m2/repository/javax/inject/javax.inject/1/javax.inject-1.jar:/home/cc/.m2/repository/aopalliance/aopalliance/1.0/aopalliance-1.0.jar:/home/cc/.m2/repository/com/google/inject/extensions/guice-assistedinject/3.0/guice-assistedinject-3.0.jar:/home/cc/.m2/repository/it/unimi/dsi/fastutil/6.5.6/fastutil-6.5.6.jar:/home/cc/.m2/repository/org/apache/twill/twill-common/0.6.0-incubating/twill-common-0.6.0-incubating.jar:/home/cc/.m2/repository/org/apache/twill/twill-core/0.6.0-incubating/twill-core-0.6.0-incubating.jar:/home/cc/.m2/repository/org/apache/twill/twill-api/0.6.0-incubating/twill-api-0.6.0-incubating.jar:/home/cc/.m2/repository/org/apache/twill/twill-discovery-api/0.6.0-incubating/twill-discovery-api-0.6.0-incubating.jar:/home/cc/.m2/repository/org/apache/twill/twill-discovery-core/0.6.0-incubating/twill-discovery-core-0.6.0-incubating.jar:/home/cc/.m2/repository/org/apache/twill/twill-zookeeper/0.6.0-incubating/twill-zookeeper-0.6.0-incubating.jar:/home/cc/.m2/repository/co/cask/tephra/tephra-hbase-compat-1.0/0.6.0/tephra-hbase-compat-1.0-0.6.0.jar:/home/cc/.m2/repository/org/apache/hive/hive-exec/2.3.4/hive-exec-2.3.4.jar:/home/cc/.m2/repository/org/apache/hive/hive-vector-code-gen/2.3.4/hive-vector-code-gen-2.3.4.jar:/home/cc/.m2/repository/org/apache/velocity/velocity/1.5/velocity-1.5.jar:/home/cc/.m2/repository/oro/oro/2.0.8/oro-2.0.8.jar:/home/cc/.m2/repository/org/apache/hive/hive-llap-tez/2.3.4/hive-llap-tez-2.3.4.jar:/home/cc/.m2/repository/org/apache/hive/hive-llap-client/2.3.4/hive-llap-client-2.3.4.jar:/home/cc/.m2/repository/org/apache/hive/hive-llap-common/2.3.4/hive-llap-common-2.3.4.jar:/home/cc/.m2/repository/commons-httpclient/commons-httpclient/3.0.1/commons-httpclient-3.0.1.jar:/home/cc/.m2/repository/org/apache/logging/log4j/log4j-1.2-api/2.11.2/log4j-1.2-api-2.11.2.jar:/home/cc/.m2/repository/org/antlr/ST4/4.0.4/ST4-4.0.4.jar:/home/cc/.m2/repository/org/apache/ant/ant/1.9.1/ant-1.9.1.jar:/home/cc/.m2/repository/org/apache/ant/ant-launcher/1.9.1/ant-launcher-1.9.1.jar:/home/cc/.m2/repository/org/apache/ivy/ivy/2.4.0/ivy-2.4.0.jar:/home/cc/.m2/repository/org/codehaus/groovy/groovy-all/2.4.4/groovy-all-2.4.4.jar:/home/cc/.m2/repository/org/apache/calcite/calcite-druid/1.10.0/calcite-druid-1.10.0.jar:/home/cc/.m2/repository/org/apache/calcite/calcite-linq4j/1.10.0/calcite-linq4j-1.10.0.jar:/home/cc/.m2/repository/org/apache/calcite/avatica/avatica/1.8.0/avatica-1.8.0.jar:/home/cc/.m2/repository/org/apache/calcite/avatica/avatica-metrics/1.8.0/avatica-metrics-1.8.0.jar:/home/cc/.m2/repository/stax/stax-api/1.0.1/stax-api-1.0.1.jar:/home/cc/.m2/repository/org/apache/hive/hive-cli/2.3.4/hive-cli-2.3.4.jar:/home/cc/.m2/repository/org/apache/hive/hive-service/2.3.4/hive-service-2.3.4.jar:/home/cc/.m2/repository/org/apache/hive/hive-llap-server/2.3.4/hive-llap-server-2.3.4.jar:/home/cc/.m2/repository/org/apache/slider/slider-core/0.90.2-incubating/slider-core-0.90.2-incubating.jar:/home/cc/.m2/repository/org/apache/hadoop/hadoop-yarn-registry/2.8.5/hadoop-yarn-registry-2.8.5.jar:/home/cc/.m2/repository/org/apache/hive/hive-llap-common/2.3.4/hive-llap-common-2.3.4-tests.jar:/home/cc/.m2/repository/net/sf/jpam/jpam/1.1/jpam-1.1.jar:/home/cc/.m2/repository/org/apache/hive/hcatalog/hive-webhcat-java-client/2.3.4/hive-webhcat-java-client-2.3.4.jar:/home/cc/.m2/repository/org/apache/hive/hcatalog/hive-hcatalog-core/2.3.4/hive-hcatalog-core-2.3.4.jar:/home/cc/.m2/repository/org/apache/hadoop/hadoop-archives/2.8.5/hadoop-archives-2.8.5.jar:/home/cc/.m2/repository/org/apache/hive/hcatalog/hive-hcatalog-server-extensions/2.3.4/hive-hcatalog-server-extensions-2.3.4.jar:/home/cc/.m2/repository/javax/jms/jms/1.1/jms-1.1.jar:/home/cc/.m2/repository/org/apache/storm/storm-hbase/2.1.0/storm-hbase-2.1.0.jar:/home/cc/.m2/repository/org/apache/hbase/hbase-annotations/2.1.3/hbase-annotations-2.1.3.jar:/home/cc/.m2/repository/org/apache/hbase/hbase-client/2.1.3/hbase-client-2.1.3.jar:/home/cc/.m2/repository/org/apache/hbase/thirdparty/hbase-shaded-protobuf/2.1.0/hbase-shaded-protobuf-2.1.0.jar:/home/cc/.m2/repository/org/apache/hbase/hbase-common/2.1.3/hbase-common-2.1.3.jar:/home/cc/.m2/repository/com/github/stephenc/findbugs/findbugs-annotations/1.3.9-1/findbugs-annotations-1.3.9-1.jar:/home/cc/.m2/repository/org/apache/hbase/hbase-hadoop-compat/2.1.3/hbase-hadoop-compat-2.1.3.jar:/home/cc/.m2/repository/org/apache/hbase/hbase-hadoop2-compat/2.1.3/hbase-hadoop2-compat-2.1.3.jar:/home/cc/.m2/repository/org/apache/hbase/hbase-protocol-shaded/2.1.3/hbase-protocol-shaded-2.1.3.jar:/home/cc/.m2/repository/org/apache/hbase/hbase-protocol/2.1.3/hbase-protocol-2.1.3.jar:/home/cc/.m2/repository/org/apache/commons/commons-lang3/3.6/commons-lang3-3.6.jar:/home/cc/.m2/repository/org/apache/hbase/thirdparty/hbase-shaded-miscellaneous/2.1.0/hbase-shaded-miscellaneous-2.1.0.jar:/home/cc/.m2/repository/org/apache/hbase/thirdparty/hbase-shaded-netty/2.1.0/hbase-shaded-netty-2.1.0.jar:/home/cc/.m2/repository/org/jruby/jcodings/jcodings/1.0.18/jcodings-1.0.18.jar:/home/cc/.m2/repository/org/jruby/joni/joni/2.1.11/joni-2.1.11.jar:/home/cc/.m2/repository/org/apache/commons/commons-crypto/1.0.0/commons-crypto-1.0.0.jar:/home/cc/.m2/repository/org/apache/yetus/audience-annotations/0.5.0/audience-annotations-0.5.0.jar:/home/cc/.m2/repository/com/github/ben-manes/caffeine/caffeine/2.3.5/caffeine-2.3.5.jar:/home/cc/.m2/repository/com/fasterxml/jackson/core/jackson-core/2.9.8/jackson-core-2.9.8.jar:/home/cc/.m2/repository/com/fasterxml/jackson/core/jackson-databind/2.9.8/jackson-databind-2.9.8.jar:/home/cc/.m2/repository/com/fasterxml/jackson/core/jackson-annotations/2.9.0/jackson-annotations-2.9.0.jar:/home/cc/.m2/repository/org/apache/storm/storm-redis/2.1.0/storm-redis-2.1.0.jar:/home/cc/.m2/repository/commons-codec/commons-codec/1.11/commons-codec-1.11.jar:/home/cc/.m2/repository/redis/clients/jedis/2.9.0/jedis-2.9.0.jar:/home/cc/.m2/repository/org/apache/commons/commons-pool2/2.4.2/commons-pool2-2.4.2.jar:/home/cc/.m2/repository/org/junit/jupiter/junit-jupiter-engine/5.5.1/junit-jupiter-engine-5.5.1.jar:/home/cc/.m2/repository/org/apiguardian/apiguardian-api/1.1.0/apiguardian-api-1.1.0.jar:/home/cc/.m2/repository/org/junit/platform/junit-platform-engine/1.5.1/junit-platform-engine-1.5.1.jar:/home/cc/.m2/repository/org/opentest4j/opentest4j/1.2.0/opentest4j-1.2.0.jar:/home/cc/.m2/repository/org/junit/platform/junit-platform-commons/1.5.1/junit-platform-commons-1.5.1.jar:/home/cc/.m2/repository/org/junit/jupiter/junit-jupiter-api/5.5.1/junit-jupiter-api-5.5.1.jar:/home/cc/.m2/repository/org/junit/vintage/junit-vintage-engine/5.5.1/junit-vintage-engine-5.5.1.jar:"/>
    <property name="sun.cpu.endian" value="little"/>
    <property name="user.home" value="/home/cc"/>
    <property name="storm.home" value="/home/cc/storm/examples/storm-starter/target/testhome"/>
    <property name="user.language" value="en"/>
    <property name="java.specification.vendor" value="Oracle Corporation"/>
    <property name="java.home" value="/usr/lib/jvm/java-8-openjdk-amd64/jre"/>
    <property name="basedir" value="/home/cc/storm/examples/storm-starter"/>
    <property name="file.separator" value="/"/>
    <property name="line.separator" value="&#10;"/>
    <property name="java.vm.specification.vendor" value="Oracle Corporation"/>
    <property name="java.specification.name" value="Java Platform API Specification"/>
    <property name="java.awt.graphicsenv" value="sun.awt.X11GraphicsEnvironment"/>
    <property name="surefire.real.class.path" value="/home/cc/storm/examples/storm-starter/target/surefire/surefirebooter766613574641261007.jar"/>
    <property name="sun.boot.class.path" value="/usr/lib/jvm/java-8-openjdk-amd64/jre/lib/resources.jar:/usr/lib/jvm/java-8-openjdk-amd64/jre/lib/rt.jar:/usr/lib/jvm/java-8-openjdk-amd64/jre/lib/sunrsasign.jar:/usr/lib/jvm/java-8-openjdk-amd64/jre/lib/jsse.jar:/usr/lib/jvm/java-8-openjdk-amd64/jre/lib/jce.jar:/usr/lib/jvm/java-8-openjdk-amd64/jre/lib/charsets.jar:/usr/lib/jvm/java-8-openjdk-amd64/jre/lib/jfr.jar:/usr/lib/jvm/java-8-openjdk-amd64/jre/classes"/>
    <property name="sun.management.compiler" value="HotSpot 64-Bit Tiered Compilers"/>
    <property name="java.runtime.version" value="1.8.0_242-8u242-b08-0ubuntu3~16.04-b08"/>
    <property name="user.name" value="cc"/>
    <property name="path.separator" value=":"/>
    <property name="os.version" value="4.4.0-142-generic"/>
    <property name="java.endorsed.dirs" value="/usr/lib/jvm/java-8-openjdk-amd64/jre/lib/endorsed"/>
    <property name="java.runtime.name" value="OpenJDK Runtime Environment"/>
    <property name="skipTest" value="true"/>
    <property name="file.encoding" value="UTF-8"/>
    <property name="java.vm.name" value="OpenJDK 64-Bit Server VM"/>
    <property name="localRepository" value="/home/cc/.m2/repository"/>
    <property name="java.vendor.url.bug" value="http://bugreport.sun.com/bugreport/"/>
    <property name="java.io.tmpdir" value="/tmp"/>
    <property name="java.version" value="1.8.0_242"/>
    <property name="user.dir" value="/home/cc/storm/examples/storm-starter"/>
    <property name="os.arch" value="amd64"/>
    <property name="java.vm.specification.name" value="Java Virtual Machine Specification"/>
    <property name="java.awt.printerjob" value="sun.print.PSPrinterJob"/>
    <property name="sun.os.patch.level" value="unknown"/>
    <property name="java.library.path" value="/usr/java/packages/lib/amd64:/usr/lib/x86_64-linux-gnu/jni:/lib/x86_64-linux-gnu:/usr/lib/x86_64-linux-gnu:/usr/lib/jni:/lib:/usr/lib"/>
    <property name="java.vm.info" value="mixed mode"/>
    <property name="java.vendor" value="Private Build"/>
    <property name="java.vm.version" value="25.242-b08"/>
    <property name="java.ext.dirs" value="/usr/lib/jvm/java-8-openjdk-amd64/jre/lib/ext:/usr/java/packages/lib/ext"/>
    <property name="sun.io.unicode.encoding" value="UnicodeLittle"/>
    <property name="java.class.version" value="52.0"/>
  </properties>
  <testcase name="negativeOrZeroNumTimesToTrackShouldThrowIAE" classname="org.apache.storm.starter.tools.NthLastModifiedTimeTrackerTest" time="0"/>
  <testcase name="negativeOrZeroNumTimesToTrackShouldThrowIAE" classname="org.apache.storm.starter.tools.NthLastModifiedTimeTrackerTest" time="0"/>
  <testcase name="negativeOrZeroNumTimesToTrackShouldThrowIAE" classname="org.apache.storm.starter.tools.NthLastModifiedTimeTrackerTest" time="0"/>
  <testcase name="negativeOrZeroNumTimesToTrackShouldThrowIAE" classname="org.apache.storm.starter.tools.NthLastModifiedTimeTrackerTest" time="0"/>
  <testcase name="negativeOrZeroNumTimesToTrackShouldThrowIAE" classname="org.apache.storm.starter.tools.NthLastModifiedTimeTrackerTest" time="0"/>
  <testcase name="positiveNumTimesToTrackShouldBeOk" classname="org.apache.storm.starter.tools.NthLastModifiedTimeTrackerTest" time="0.696"/>
  <testcase name="positiveNumTimesToTrackShouldBeOk" classname="org.apache.storm.starter.tools.NthLastModifiedTimeTrackerTest" time="0.005"/>
  <testcase name="positiveNumTimesToTrackShouldBeOk" classname="org.apache.storm.starter.tools.NthLastModifiedTimeTrackerTest" time="0.001"/>
  <testcase name="positiveNumTimesToTrackShouldBeOk" classname="org.apache.storm.starter.tools.NthLastModifiedTimeTrackerTest" time="0"/>
  <testcase name="shouldReturnCorrectModifiedTimeEvenWhenNotYetMarkedAsModified" classname="org.apache.storm.starter.tools.NthLastModifiedTimeTrackerTest" time="0.013"/>
  <testcase name="shouldReturnCorrectModifiedTimeEvenWhenNotYetMarkedAsModified" classname="org.apache.storm.starter.tools.NthLastModifiedTimeTrackerTest" time="0.001"/>
  <testcase name="shouldReturnCorrectModifiedTimeEvenWhenNotYetMarkedAsModified" classname="org.apache.storm.starter.tools.NthLastModifiedTimeTrackerTest" time="0"/>
  <testcase name="shouldReturnCorrectModifiedTimeEvenWhenNotYetMarkedAsModified" classname="org.apache.storm.starter.tools.NthLastModifiedTimeTrackerTest" time="0"/>
  <testcase name="shouldReturnCorrectModifiedTimeEvenWhenNotYetMarkedAsModified" classname="org.apache.storm.starter.tools.NthLastModifiedTimeTrackerTest" time="0.001"/>
  <testcase name="shouldReturnCorrectModifiedTimeEvenWhenNotYetMarkedAsModified" classname="org.apache.storm.starter.tools.NthLastModifiedTimeTrackerTest" time="0"/>
  <testcase name="shouldReturnCorrectModifiedTimeEvenWhenNotYetMarkedAsModified" classname="org.apache.storm.starter.tools.NthLastModifiedTimeTrackerTest" time="0.001"/>
  <testcase name="shouldReturnCorrectModifiedTimeEvenWhenNotYetMarkedAsModified" classname="org.apache.storm.starter.tools.NthLastModifiedTimeTrackerTest" time="0"/>
  <testcase name="shouldReturnCorrectModifiedTimeWhenMarkedAsModified" classname="org.apache.storm.starter.tools.NthLastModifiedTimeTrackerTest" time="0.003"/>
  <testcase name="shouldReturnCorrectModifiedTimeWhenMarkedAsModified" classname="org.apache.storm.starter.tools.NthLastModifiedTimeTrackerTest" time="0"/>
  <testcase name="shouldReturnCorrectModifiedTimeWhenMarkedAsModified" classname="org.apache.storm.starter.tools.NthLastModifiedTimeTrackerTest" time="0"/>
  <testcase name="shouldReturnCorrectModifiedTimeWhenMarkedAsModified" classname="org.apache.storm.starter.tools.NthLastModifiedTimeTrackerTest" time="0"/>
  <testcase name="shouldReturnCorrectModifiedTimeWhenMarkedAsModified" classname="org.apache.storm.starter.tools.NthLastModifiedTimeTrackerTest" time="0.001"/>
  <testcase name="shouldReturnCorrectModifiedTimeWhenMarkedAsModified" classname="org.apache.storm.starter.tools.NthLastModifiedTimeTrackerTest" time="0"/>
  <testcase name="shouldReturnCorrectModifiedTimeWhenMarkedAsModified" classname="org.apache.storm.starter.tools.NthLastModifiedTimeTrackerTest" time="0"/>
  <testcase name="shouldReturnCorrectModifiedTimeWhenMarkedAsModified" classname="org.apache.storm.starter.tools.NthLastModifiedTimeTrackerTest" time="0"/>
  <testcase name="shouldReturnCorrectModifiedTimeWhenMarkedAsModified" classname="org.apache.storm.starter.tools.NthLastModifiedTimeTrackerTest" time="0.001"/>
  <testcase name="shouldReturnCorrectModifiedTimeWhenMarkedAsModified" classname="org.apache.storm.starter.tools.NthLastModifiedTimeTrackerTest" time="0"/>
  <testcase name="shouldReturnCorrectModifiedTimeWhenMarkedAsModified" classname="org.apache.storm.starter.tools.NthLastModifiedTimeTrackerTest" time="0"/>
  <testcase name="shouldReturnCorrectModifiedTimeWhenMarkedAsModified" classname="org.apache.storm.starter.tools.NthLastModifiedTimeTrackerTest" time="0.001"/>
  <testcase name="shouldReturnCorrectModifiedTimeWhenMarkedAsModified" classname="org.apache.storm.starter.tools.NthLastModifiedTimeTrackerTest" time="0"/>
  <testcase name="shouldReturnCorrectModifiedTimeWhenMarkedAsModified" classname="org.apache.storm.starter.tools.NthLastModifiedTimeTrackerTest" time="0"/>
  <testcase name="shouldReturnCorrectModifiedTimeWhenMarkedAsModified" classname="org.apache.storm.starter.tools.NthLastModifiedTimeTrackerTest" time="0.002"/>
  <testcase name="shouldReturnCorrectModifiedTimeWhenMarkedAsModified" classname="org.apache.storm.starter.tools.NthLastModifiedTimeTrackerTest" time="0.001"/>
  <testcase name="shouldReturnCorrectModifiedTimeWhenMarkedAsModified" classname="org.apache.storm.starter.tools.NthLastModifiedTimeTrackerTest" time="0"/>
  <testcase name="shouldReturnCorrectModifiedTimeWhenMarkedAsModified" classname="org.apache.storm.starter.tools.NthLastModifiedTimeTrackerTest" time="0"/>
  <testcase name="shouldReturnCorrectModifiedTimeWhenMarkedAsModified" classname="org.apache.storm.starter.tools.NthLastModifiedTimeTrackerTest" time="0"/>
  <testcase name="shouldReturnCorrectModifiedTimeWhenMarkedAsModified" classname="org.apache.storm.starter.tools.NthLastModifiedTimeTrackerTest" time="0.001"/>
  <testcase name="shouldReturnCorrectModifiedTimeWhenMarkedAsModified" classname="org.apache.storm.starter.tools.NthLastModifiedTimeTrackerTest" time="0"/>
  <testcase name="shouldReturnCorrectModifiedTimeWhenMarkedAsModified" classname="org.apache.storm.starter.tools.NthLastModifiedTimeTrackerTest" time="0"/>
</testsuite>