<?xml version="1.0" encoding="UTF-8"?>
<!-- Generated by org.testng.reporters.JUnitReportReporter -->
<testsuite hostname="master" name="org.apache.storm.starter.bolt.RollingCountBoltTest" tests="4" failures="0" timestamp="4 Mar 2022 23:09:15 GMT" time="3.050" errors="0">
  <testcase name="shouldDeclareOutputFields" time="2.164" classname="org.apache.storm.starter.bolt.RollingCountBoltTest"/>
  <testcase name="shouldSetTickTupleFrequencyInComponentConfigurationToNonZeroValue" time="0.012" classname="org.apache.storm.starter.bolt.RollingCountBoltTest"/>
  <testcase name="shouldEmitNothingIfNoObjectHasBeenCountedYetAndTickTupleIsReceived" time="0.869" classname="org.apache.storm.starter.bolt.RollingCountBoltTest"/>
  <testcase name="shouldEmitSomethingIfAtLeastOneObjectWasCountedAndTickTupleIsReceived" time="0.005" classname="org.apache.storm.starter.bolt.RollingCountBoltTest"/>
</testsuite> <!-- org.apache.storm.starter.bolt.RollingCountBoltTest -->
